[INFO ] 2023-10-24 16:59:04.321 - com.Utils.MyLogger:startTestCase 15==>  

************** Execution Started : loginCode**************

[INFO ] 2023-10-24 16:59:04.327 - com.Utils.Listeners:onTestStart 31==>  loginCode executing...
[WARN ] 2023-10-24 16:59:19.270 - com.Utils.Listeners:onTestSuccess 39==>  Test Executed Succesfully
[INFO ] 2023-10-24 17:08:02.697 - com.Utils.MyLogger:startTestCase 15==>  

************** Execution Started : loginCode**************

[INFO ] 2023-10-24 17:08:02.704 - com.Utils.Listeners:onTestStart 31==>  loginCode executing...
[WARN ] 2023-10-24 17:08:17.744 - com.Utils.Listeners:onTestSuccess 39==>  Test Executed Succesfully
[INFO ] 2023-10-24 17:19:48.049 - com.Utils.MyLogger:startTestCase 15==>  

************** Execution Started : loginCode**************

[INFO ] 2023-10-24 17:19:48.057 - com.Utils.Listeners:onTestStart 31==>  loginCode executing...
[WARN ] 2023-10-24 17:20:03.075 - com.Utils.Listeners:onTestSuccess 39==>  Test Executed Succesfully
[INFO ] 2023-10-24 17:27:41.905 - com.Utils.MyLogger:startTestCase 15==>  

************** Execution Started : loginCode**************

[INFO ] 2023-10-24 17:27:41.910 - com.Utils.Listeners:onTestStart 31==>  loginCode executing...
[WARN ] 2023-10-24 17:27:56.836 - com.Utils.Listeners:onTestSuccess 39==>  Test Executed Succesfully
[INFO ] 2023-10-24 22:29:58.378 - com.Utils.MyLogger:startTestCase 15==>  

************** Execution Started : loginCode**************

[INFO ] 2023-10-24 22:29:58.383 - com.Utils.Listeners:onTestStart 31==>  loginCode executing...
[WARN ] 2023-10-24 22:30:13.182 - com.Utils.Listeners:onTestSuccess 39==>  Test Executed Succesfully
[INFO ] 2023-10-24 22:35:12.194 - com.Utils.MyLogger:startTestCase 15==>  

************** Execution Started : loginCode**************

[INFO ] 2023-10-24 22:35:12.201 - com.Utils.Listeners:onTestStart 31==>  loginCode executing...
[WARN ] 2023-10-24 22:35:27.142 - com.Utils.Listeners:onTestSuccess 39==>  Test Executed Succesfully
[INFO ] 2023-10-25 11:26:29.367 - com.Utils.MyLogger:startTestCase 15==>  

************** Execution Started : loginCode**************

[INFO ] 2023-10-25 11:26:29.372 - com.Utils.Listeners:onTestStart 31==>  loginCode executing...
[WARN ] 2023-10-25 11:26:31.131 - com.Utils.Listeners:onTestFailure 45==>  TEST FILED !
[INFO ] 2023-10-25 12:20:51.002 - com.Utils.MyLogger:startTestCase 15==>  

************** Execution Started : loginCode**************

[INFO ] 2023-10-25 12:20:51.008 - com.Utils.Listeners:onTestStart 31==>  loginCode executing...
[WARN ] 2023-10-25 12:20:52.668 - com.Utils.Listeners:onTestSkipped 79==>  Test Skipped
[INFO ] 2023-10-25 12:20:54.256 - com.Utils.MyLogger:startTestCase 15==>  

************** Execution Started : loginCode**************

[INFO ] 2023-10-25 12:20:54.256 - com.Utils.Listeners:onTestStart 31==>  loginCode executing...
[WARN ] 2023-10-25 12:20:55.972 - com.Utils.Listeners:onTestFailure 45==>  TEST FILED !
